2024-06-23 16:13:58,749-('Краснодарский край готов оказать помощь Севастополю после атаки ВСУ ', 'Специальная военная операция на Украине', '16:13')
2024-06-23 16:28:19,625-('"Бомбардировка гигантами". В США предупредили Украину о серьезной опасности ', 'В мире', '16:27')
2024-06-23 16:29:20,617-('В США раскрыли, что случится с НАТО после окончания СВО ', 'Россия', '16:28')
2024-06-23 16:57:39,662-('В офис генсека ООН прокомментировал обстрел Севастополя со стороны ВСУ ', 'В мире', '16:55')
2024-06-23 17:02:43,002-('Число погибших после атаки ВСУ на Севастополь возросло ', 'Севастополь', '17:02')
2024-06-23 17:06:45,615-('В Севастополе уверены, что за атакой ВСУ на город последует жесткий ответ ', 'Специальная военная операция на Украине', '17:05')
2024-06-23 17:10:48,598-('Путин находится в контакте с социальным блоком после атаки на Севастополь ', 'Политика', '17:09')
2024-06-23 17:17:53,619-('Обстрел Севастополя ATACMS состоялся после разрешения США, уверен Мирошник ', 'Россия', '17:17')
2024-06-23 17:27:03,672-('В Донецке после обстрела ВСУ обрушилась стена в жилом доме ', 'Специальная военная операция на Украине', '17:26')
2024-06-23 17:42:14,740-('Орловский губернатор выразил соболезнования после атаки ВСУ на Севастополь ', 'Специальная военная операция на Украине', '17:41')
2024-06-23 17:43:15,636-('Под ракетную атаку ВСУ попал пляж, где отдыхали люди, заявил Развожаев ', 'Специальная военная операция на Украине', '17:42')
2024-06-23 17:46:17,604-('"Террористы". В США высказались об обстреле Севастополя ', 'В мире', '17:45')
2024-06-23 17:58:26,898-('"Три часа". Реакция США на удар ВСУ в Севастополе шокировала журналистку ', 'В мире', '17:57')
2024-06-23 18:01:29,538-('"Заслуживают самой жесткой кары": в Совфеде отреагировали на атаку ВСУ ', 'Специальная военная операция на Украине', '18:00')
2024-06-23 18:11:37,051-('Собянин выразил соболезнования родным погибших при атаки ВСУ на Севастополь ', 'Вооруженные силы Украины', '18:10')
2024-06-23 18:13:38,628-('Самарская область готова принять пострадавших при атаке ВСУ на Севастополь ', 'Севастополь', '18:13')
2024-06-23 18:15:40,674-('Брянский губернатор назвал удар ВСУ по Севастополю бесчеловечным актом ', 'Специальная военная операция на Украине', '18:15')
2024-06-23 18:25:49,007-('Развожаев посетил в больнице пострадавших при ракетном ударе ВСУ ', 'Севастополь', '18:25')
2024-06-23 18:33:55,043-('В Крыму призвали созвать Совбез ООН из-за атаки ВСУ на Севастополь ', 'Специальная военная операция на Украине', '18:32')
2024-06-23 18:45:02,984-('Воробьев выразил соболезнования жертвам атаки ВСУ в Севастополе ', 'Севастополь', '18:44')
2024-06-23 19:23:55,229-('"Единая Россия" окажет помощь пострадавшим в теракте в Севастополе ', 'Севастополь', '19:22')
2024-06-23 19:26:57,322-('В Госдуме назвали США организатором теракта в Севастополе ', 'Севастополь', '19:26')
2024-06-23 19:32:00,631-('Flightradar: во время удара ВСУ в Севастополе БПЛА США кружил в Черном море ', 'В мире', '19:31')
2024-06-23 19:56:23,237-('"Украинцы им кофе подносили". В Индии обвинили США в обстреле Севастополя ', 'В мире', '19:55')
2024-06-23 20:11:34,564-('После атаки ВСУ на Севастополь четыре человека погибли, сообщил Развожаев ', 'Севастополь', '20:10')
